<?xml version="1.0" encoding="UTF-8"?>
<testng-results skipped="0" failed="0" ignored="0" total="1" passed="1">
  <reporter-output>
    <line>
      <![CDATA[Launching... https://opensource-demo.orangehrmlive.com/]]>
    </line>
    <line>
      <![CDATA[Login into Orange open source]]>
    </line>
    <line>
      <![CDATA[Validate that you have logged in successfully]]>
    </line>
    <line>
      <![CDATA[Click Admin - Go to Admin page]]>
    </line>
    <line>
      <![CDATA[Search username in field]]>
    </line>
    <line>
      <![CDATA[Verify username exist in table]]>
    </line>
    <line>
      <![CDATA[Logout of the Orange open source]]>
    </line>
    <line>
      <![CDATA[Close browser]]>
    </line>
  </reporter-output>
  <suite name="Default suite" duration-ms="12238" started-at="2021-02-20T15:14:11 UYT" finished-at="2021-02-20T15:14:23 UYT">
    <groups>
    </groups>
    <test name="Default test" duration-ms="12238" started-at="2021-02-20T15:14:11 UYT" finished-at="2021-02-20T15:14:23 UYT">
      <class name="com.opensource.admin.qa.TC001_Admin_SearchEmployee_POM">
        <test-method status="PASS" signature="beforeTest()[pri:0, instance:com.opensource.admin.qa.TC001_Admin_SearchEmployee_POM@711f39f9]" name="beforeTest" is-config="true" duration-ms="1548" started-at="2021-02-20T15:14:11 UYT" finished-at="2021-02-20T15:14:13 UYT">
          <reporter-output>
          </reporter-output>
        </test-method> <!-- beforeTest -->
        <test-method status="PASS" signature="TC001_Admin_SearchEmployee_POM_TestScript()[pri:0, instance:com.opensource.admin.qa.TC001_Admin_SearchEmployee_POM@711f39f9]" name="TC001_Admin_SearchEmployee_POM_TestScript" duration-ms="10631" started-at="2021-02-20T15:14:13 UYT" finished-at="2021-02-20T15:14:23 UYT">
          <reporter-output>
            <line>
              <![CDATA[Launching... https://opensource-demo.orangehrmlive.com/]]>
            </line>
            <line>
              <![CDATA[Login into Orange open source]]>
            </line>
            <line>
              <![CDATA[Validate that you have logged in successfully]]>
            </line>
            <line>
              <![CDATA[Click Admin - Go to Admin page]]>
            </line>
            <line>
              <![CDATA[Search username in field]]>
            </line>
            <line>
              <![CDATA[Verify username exist in table]]>
            </line>
            <line>
              <![CDATA[Logout of the Orange open source]]>
            </line>
          </reporter-output>
        </test-method> <!-- TC001_Admin_SearchEmployee_POM_TestScript -->
        <test-method status="PASS" signature="afterTest()[pri:0, instance:com.opensource.admin.qa.TC001_Admin_SearchEmployee_POM@711f39f9]" name="afterTest" is-config="true" duration-ms="37" started-at="2021-02-20T15:14:23 UYT" finished-at="2021-02-20T15:14:23 UYT">
          <reporter-output>
            <line>
              <![CDATA[Close browser]]>
            </line>
          </reporter-output>
        </test-method> <!-- afterTest -->
      </class> <!-- com.opensource.admin.qa.TC001_Admin_SearchEmployee_POM -->
    </test> <!-- Default test -->
  </suite> <!-- Default suite -->
</testng-results>
